********************************************************************************
DUPLICATOR-LITE PACKAGE-LOG: 19 May 2021 21h13
NOTICE: Do NOT post to public sites or forums 
********************************************************************************
VERSION:	1.4.0
WORDPRESS:	5.7.2
PHP INFO:	7.4.9 | SAPI: cgi-fcgi
SERVER:		Apache/2.4.35 (Win64) OpenSSL/1.1.1b mod_fcgid/2.3.9 
PHP TIME LIMIT: (0) no time limit imposed 
PHP MAX MEMORY: 4294967296 (512M default) 
MEMORY STACK: 6MB

********************************************************************************
DATABASE:
********************************************************************************
BUILD MODE:   PHP(query limit - 100)
MYSQLTIMEOUT: 5000
MYSQLDUMP:    Not Supported
TABLES: total:24 | filtered:0 | create:24
FILTERED: []
SQL CREATED: 20210519_rockyourpodcast_2b58be5af3bf17dc7442_20210519211302_database.sql
SQL FILE SIZE: 441.59KB (452184)
SQL FILE TIME: 2021-05-19 21:13:21
SQL RUNTIME: 0.65 sec.

********************************************************************************
ARCHIVE (ZIP):
********************************************************************************
ARCHIVE DIR:  C:/laragon/www/Rockyourpodcast
ARCHIVE FILE: 20210519_rockyourpodcast_2b58be5af3bf17dc7442_20210519211302_archive.zip
FILTERS: *OFF*
DIRS:
	not set
FILES:
	not set
EXTS:  not set
----------------------------------------
COMPRESSING
SIZE:	166.31MB
STATS:	Dirs 1,139 | Files 10,302
SQL ADDED: 20210519_rockyourpodcast_2b58be5af3bf17dc7442_20210519211302_database.sql
ZipArchive Object
(
    [status] => 0
    [statusSys] => 0
    [numFiles] => 11441
    [filename] => C:\laragon\www\Rockyourpodcast\wp-content\backups-dup-lite\tmp\20210519_rockyourpodcast_2b58be5af3bf17dc7442_20210519211302_archive.zip
    [comment] => 
)

FILE ADDED TO ZIP: 11440
COMPRESSION RESULT: '1'
COMPRESSED SIZE: 87.4MB
ARCHIVE RUNTIME: 54.95 sec.
MEMORY STACK: 8MB
building installer
add_extra_files1
add_extra_files2
add_extra_files3
add_extra_files4
Doing archive file check
add_extra_files5
add_extra_files6
add_extra_files8
Successfully opened zip C:/laragon/www/Rockyourpodcast/wp-content/backups-dup-lite/tmp/20210519_rockyourpodcast_2b58be5af3bf17dc7442_20210519211302_archive.zip
Adding enhanced installer files to archive using ZipArchive
Installer files added to archive
Added to archive
After ziparchive close when adding installer

********************************************************************************
INTEGRITY CHECKS:
********************************************************************************
SQL FILE: 441.59KB
INSTALLER FILE: 63.96KB
ARCHIVE FILE: 89.05MB 
EXPECTED FILE/DIRECTORY COUNT: 11,441
ACTUAL FILE/DIRECTORY COUNT: 11,440
ARCHIVE CONSISTENCY TEST: Pass

********************************************************************************
RECORD ID:[1]
TOTAL PROCESS RUNTIME: 56.82 sec.
PEAK PHP MEMORY USED: 10MB
DONE PROCESSING => 20210519_rockyourpodcast 19 May 2021 21h14

